c:\projects\cms\vs2015\cms\debug\vc140.pdb
c:\projects\cms\vs2015\cms\debug\vc140.idb
c:\projects\cms\vs2015\cms\debug\buildermodule.obj
c:\projects\cms\vs2015\cms\debug\cms.obj
c:\projects\cms\vs2015\cms\debug\connectionpool.obj
c:\projects\cms\vs2015\cms\debug\modal.obj
c:\projects\cms\vs2015\cms\debug\sitemanager.obj
c:\projects\cms\vs2015\cms\debug\taskmodule.obj
c:\projects\cms\vs2015\cms\debug\usermodule.obj
c:\projects\cms\vs2015\cms\debug\webmodule.obj
c:\projects\cms\vs2015\cms\debug\webpage.obj
c:\projects\cms\vs2015\cms\debug\website.obj
c:\projects\cms\vs2015\cms\debug\webstudio.obj
c:\projects\cms\vs2015\cms\debug\websurf.obj
c:\projects\cms\vs2015\cms\debug\webtemplate.obj
c:\projects\cms\vs2015\cms\debug\widget.obj
c:\projects\cms\vs2015\cms\debug\vcpkg.applocal.log
c:\projects\cms\vs2015\cms\debug\cms.ilk
c:\projects\cms\vs2015\cms\debug\cms.exe
c:\projects\cms\vs2015\cms\debug\cms.pdb
c:\projects\cms\vs2015\cms\debug\core.pdb
c:\projects\cms\vs2015\cms\debug\mysql.pdb
c:\projects\cms\vs2015\cms\debug\network.pdb
c:\projects\cms\vs2015\cms\debug\webserver.pdb
c:\projects\cms\vs2015\cms\debug\cms.tlog\cl.command.1.tlog
c:\projects\cms\vs2015\cms\debug\cms.tlog\cl.read.1.tlog
c:\projects\cms\vs2015\cms\debug\cms.tlog\cl.write.1.tlog
c:\projects\cms\vs2015\cms\debug\cms.tlog\cms.write.1u.tlog
c:\projects\cms\vs2015\cms\debug\cms.tlog\link.command.1.tlog
c:\projects\cms\vs2015\cms\debug\cms.tlog\link.read.1.tlog
c:\projects\cms\vs2015\cms\debug\cms.tlog\link.write.1.tlog
