  widget.cpp
c:\projects\core\src\strings.h(60): warning C4521: 'core::Str': multiple copy constructors specified
c:\projects\core\src\strings.h(119): warning C4521: 'core::String': multiple copy constructors specified
c:\projects\core\src\logger.h(48): warning C4005: 'LOGGER_OUT': macro redefinition
  c:\projects\core\src\logger.h(47): note: see previous definition of 'LOGGER_OUT'
  webTemplate.cpp
c:\projects\core\src\strings.h(60): warning C4521: 'core::Str': multiple copy constructors specified
c:\projects\core\src\strings.h(119): warning C4521: 'core::String': multiple copy constructors specified
c:\projects\core\src\logger.h(48): warning C4005: 'LOGGER_OUT': macro redefinition
  c:\projects\core\src\logger.h(47): note: see previous definition of 'LOGGER_OUT'
  websurf.cpp
c:\projects\core\src\strings.h(60): warning C4521: 'core::Str': multiple copy constructors specified
c:\projects\core\src\strings.h(119): warning C4521: 'core::String': multiple copy constructors specified
c:\projects\core\src\logger.h(48): warning C4005: 'LOGGER_OUT': macro redefinition
  c:\projects\core\src\logger.h(47): note: see previous definition of 'LOGGER_OUT'
  webstudio.cpp
c:\projects\core\src\strings.h(60): warning C4521: 'core::Str': multiple copy constructors specified
c:\projects\core\src\strings.h(119): warning C4521: 'core::String': multiple copy constructors specified
c:\projects\core\src\logger.h(48): warning C4005: 'LOGGER_OUT': macro redefinition
  c:\projects\core\src\logger.h(47): note: see previous definition of 'LOGGER_OUT'
  webSite.cpp
c:\projects\core\src\strings.h(60): warning C4521: 'core::Str': multiple copy constructors specified
c:\projects\core\src\strings.h(119): warning C4521: 'core::String': multiple copy constructors specified
c:\projects\core\src\logger.h(48): warning C4005: 'LOGGER_OUT': macro redefinition
  c:\projects\core\src\logger.h(47): note: see previous definition of 'LOGGER_OUT'
  webPage.cpp
c:\projects\core\src\strings.h(60): warning C4521: 'core::Str': multiple copy constructors specified
c:\projects\core\src\strings.h(119): warning C4521: 'core::String': multiple copy constructors specified
c:\projects\core\src\logger.h(48): warning C4005: 'LOGGER_OUT': macro redefinition
  c:\projects\core\src\logger.h(47): note: see previous definition of 'LOGGER_OUT'
  webModule.cpp
c:\projects\core\src\strings.h(60): warning C4521: 'core::Str': multiple copy constructors specified
c:\projects\core\src\strings.h(119): warning C4521: 'core::String': multiple copy constructors specified
c:\projects\core\src\logger.h(48): warning C4005: 'LOGGER_OUT': macro redefinition
  c:\projects\core\src\logger.h(47): note: see previous definition of 'LOGGER_OUT'
c:\projects\cms\src\webmodule.cpp(214): warning C4800: 'int': forcing value to bool 'true' or 'false' (performance warning)
  userModule.cpp
c:\projects\core\src\strings.h(60): warning C4521: 'core::Str': multiple copy constructors specified
c:\projects\core\src\strings.h(119): warning C4521: 'core::String': multiple copy constructors specified
c:\projects\core\src\logger.h(48): warning C4005: 'LOGGER_OUT': macro redefinition
  c:\projects\core\src\logger.h(47): note: see previous definition of 'LOGGER_OUT'
  taskModule.cpp
c:\projects\core\src\strings.h(60): warning C4521: 'core::Str': multiple copy constructors specified
c:\projects\core\src\strings.h(119): warning C4521: 'core::String': multiple copy constructors specified
c:\projects\core\src\logger.h(48): warning C4005: 'LOGGER_OUT': macro redefinition
  c:\projects\core\src\logger.h(47): note: see previous definition of 'LOGGER_OUT'
c:\projects\cms\src\taskmodule.cpp(265): warning C4800: 'int': forcing value to bool 'true' or 'false' (performance warning)
c:\projects\cms\src\taskmodule.cpp(342): warning C4800: 'int': forcing value to bool 'true' or 'false' (performance warning)
c:\projects\cms\src\taskmodule.cpp(412): warning C4800: 'int': forcing value to bool 'true' or 'false' (performance warning)
c:\projects\cms\src\taskmodule.cpp(450): warning C4800: 'int': forcing value to bool 'true' or 'false' (performance warning)
c:\projects\cms\src\taskmodule.cpp(493): warning C4800: 'int': forcing value to bool 'true' or 'false' (performance warning)
c:\projects\cms\src\taskmodule.cpp(543): warning C4800: 'int': forcing value to bool 'true' or 'false' (performance warning)
  siteManager.cpp
c:\projects\core\src\strings.h(60): warning C4521: 'core::Str': multiple copy constructors specified
c:\projects\core\src\strings.h(119): warning C4521: 'core::String': multiple copy constructors specified
c:\projects\core\src\logger.h(48): warning C4005: 'LOGGER_OUT': macro redefinition
  c:\projects\core\src\logger.h(47): note: see previous definition of 'LOGGER_OUT'
c:\projects\cms\src\sitemanager.cpp(146): warning C4800: 'int': forcing value to bool 'true' or 'false' (performance warning)
c:\projects\cms\src\sitemanager.cpp(234): warning C4800: 'int': forcing value to bool 'true' or 'false' (performance warning)
c:\projects\cms\src\sitemanager.cpp(263): warning C4800: 'int': forcing value to bool 'true' or 'false' (performance warning)
  modal.cpp
c:\projects\core\src\strings.h(60): warning C4521: 'core::Str': multiple copy constructors specified
c:\projects\core\src\strings.h(119): warning C4521: 'core::String': multiple copy constructors specified
c:\projects\core\src\logger.h(48): warning C4005: 'LOGGER_OUT': macro redefinition
  c:\projects\core\src\logger.h(47): note: see previous definition of 'LOGGER_OUT'
  connectionPool.cpp
c:\projects\core\src\strings.h(60): warning C4521: 'core::Str': multiple copy constructors specified
c:\projects\core\src\strings.h(119): warning C4521: 'core::String': multiple copy constructors specified
c:\projects\core\src\logger.h(48): warning C4005: 'LOGGER_OUT': macro redefinition
  c:\projects\core\src\logger.h(47): note: see previous definition of 'LOGGER_OUT'
  cms.cpp
c:\projects\core\src\strings.h(60): warning C4521: 'core::Str': multiple copy constructors specified
c:\projects\core\src\strings.h(119): warning C4521: 'core::String': multiple copy constructors specified
c:\projects\core\src\logger.h(48): warning C4005: 'LOGGER_OUT': macro redefinition
  c:\projects\core\src\logger.h(47): note: see previous definition of 'LOGGER_OUT'
  builderModule.cpp
c:\projects\core\src\strings.h(60): warning C4521: 'core::Str': multiple copy constructors specified
c:\projects\core\src\strings.h(119): warning C4521: 'core::String': multiple copy constructors specified
c:\projects\core\src\logger.h(48): warning C4005: 'LOGGER_OUT': macro redefinition
  c:\projects\core\src\logger.h(47): note: see previous definition of 'LOGGER_OUT'
c:\projects\cms\src\buildermodule.cpp(155): warning C4800: 'int': forcing value to bool 'true' or 'false' (performance warning)
c:\projects\cms\src\buildermodule.cpp(191): warning C4800: 'int': forcing value to bool 'true' or 'false' (performance warning)
c:\projects\cms\src\buildermodule.cpp(215): warning C4800: 'int': forcing value to bool 'true' or 'false' (performance warning)
  Generating Code...
  cms.vcxproj -> C:\projects\cms\vs2015\cms\Debug\cms.exe
  cms.vcxproj -> C:\projects\cms\vs2015\cms\Debug\cms.pdb (Full PDB)
