  widget.cpp
c:\projects\core\src\strings.h(60): warning C4521: core::Str: заданы несколько конструкторов копии
c:\projects\core\src\strings.h(119): warning C4521: core::String: заданы несколько конструкторов копии
c:\projects\core\src\logger.h(48): warning C4005: LOGGER_OUT: изменение макроопределения
  c:\projects\core\src\logger.h(47): note: см. предыдущее определение "LOGGER_OUT"
c:\projects\mysql\src\mysql.h(8): fatal error C1083: Не удается открыть файл включение: ../include/mysql.h: No such file or directory
  webTemplate.cpp
c:\projects\core\src\strings.h(60): warning C4521: core::Str: заданы несколько конструкторов копии
c:\projects\core\src\strings.h(119): warning C4521: core::String: заданы несколько конструкторов копии
c:\projects\core\src\logger.h(48): warning C4005: LOGGER_OUT: изменение макроопределения
  c:\projects\core\src\logger.h(47): note: см. предыдущее определение "LOGGER_OUT"
c:\projects\mysql\src\mysql.h(8): fatal error C1083: Не удается открыть файл включение: ../include/mysql.h: No such file or directory
  websurf.cpp
c:\projects\core\src\strings.h(60): warning C4521: core::Str: заданы несколько конструкторов копии
c:\projects\core\src\strings.h(119): warning C4521: core::String: заданы несколько конструкторов копии
c:\projects\core\src\logger.h(48): warning C4005: LOGGER_OUT: изменение макроопределения
  c:\projects\core\src\logger.h(47): note: см. предыдущее определение "LOGGER_OUT"
c:\projects\mysql\src\mysql.h(8): fatal error C1083: Не удается открыть файл включение: ../include/mysql.h: No such file or directory
  webstudio.cpp
c:\projects\core\src\strings.h(60): warning C4521: core::Str: заданы несколько конструкторов копии
c:\projects\core\src\strings.h(119): warning C4521: core::String: заданы несколько конструкторов копии
c:\projects\core\src\logger.h(48): warning C4005: LOGGER_OUT: изменение макроопределения
  c:\projects\core\src\logger.h(47): note: см. предыдущее определение "LOGGER_OUT"
c:\projects\mysql\src\mysql.h(8): fatal error C1083: Не удается открыть файл включение: ../include/mysql.h: No such file or directory
  webSite.cpp
c:\projects\core\src\strings.h(60): warning C4521: core::Str: заданы несколько конструкторов копии
c:\projects\core\src\strings.h(119): warning C4521: core::String: заданы несколько конструкторов копии
c:\projects\core\src\logger.h(48): warning C4005: LOGGER_OUT: изменение макроопределения
  c:\projects\core\src\logger.h(47): note: см. предыдущее определение "LOGGER_OUT"
c:\projects\mysql\src\mysql.h(8): fatal error C1083: Не удается открыть файл включение: ../include/mysql.h: No such file or directory
  webPage.cpp
c:\projects\core\src\strings.h(60): warning C4521: core::Str: заданы несколько конструкторов копии
c:\projects\core\src\strings.h(119): warning C4521: core::String: заданы несколько конструкторов копии
c:\projects\core\src\logger.h(48): warning C4005: LOGGER_OUT: изменение макроопределения
  c:\projects\core\src\logger.h(47): note: см. предыдущее определение "LOGGER_OUT"
c:\projects\mysql\src\mysql.h(8): fatal error C1083: Не удается открыть файл включение: ../include/mysql.h: No such file or directory
  webModule.cpp
c:\projects\core\src\strings.h(60): warning C4521: core::Str: заданы несколько конструкторов копии
c:\projects\core\src\strings.h(119): warning C4521: core::String: заданы несколько конструкторов копии
c:\projects\core\src\logger.h(48): warning C4005: LOGGER_OUT: изменение макроопределения
  c:\projects\core\src\logger.h(47): note: см. предыдущее определение "LOGGER_OUT"
c:\projects\mysql\src\mysql.h(8): fatal error C1083: Не удается открыть файл включение: ../include/mysql.h: No such file or directory
  userModule.cpp
c:\projects\core\src\strings.h(60): warning C4521: core::Str: заданы несколько конструкторов копии
c:\projects\core\src\strings.h(119): warning C4521: core::String: заданы несколько конструкторов копии
c:\projects\core\src\logger.h(48): warning C4005: LOGGER_OUT: изменение макроопределения
  c:\projects\core\src\logger.h(47): note: см. предыдущее определение "LOGGER_OUT"
c:\projects\mysql\src\mysql.h(8): fatal error C1083: Не удается открыть файл включение: ../include/mysql.h: No such file or directory
  taskModule.cpp
c:\projects\core\src\strings.h(60): warning C4521: core::Str: заданы несколько конструкторов копии
c:\projects\core\src\strings.h(119): warning C4521: core::String: заданы несколько конструкторов копии
c:\projects\core\src\logger.h(48): warning C4005: LOGGER_OUT: изменение макроопределения
  c:\projects\core\src\logger.h(47): note: см. предыдущее определение "LOGGER_OUT"
c:\projects\mysql\src\mysql.h(8): fatal error C1083: Не удается открыть файл включение: ../include/mysql.h: No such file or directory
  siteManager.cpp
c:\projects\core\src\strings.h(60): warning C4521: core::Str: заданы несколько конструкторов копии
c:\projects\core\src\strings.h(119): warning C4521: core::String: заданы несколько конструкторов копии
c:\projects\core\src\logger.h(48): warning C4005: LOGGER_OUT: изменение макроопределения
  c:\projects\core\src\logger.h(47): note: см. предыдущее определение "LOGGER_OUT"
c:\projects\mysql\src\mysql.h(8): fatal error C1083: Не удается открыть файл включение: ../include/mysql.h: No such file or directory
  modal.cpp
c:\projects\core\src\strings.h(60): warning C4521: core::Str: заданы несколько конструкторов копии
c:\projects\core\src\strings.h(119): warning C4521: core::String: заданы несколько конструкторов копии
c:\projects\core\src\logger.h(48): warning C4005: LOGGER_OUT: изменение макроопределения
  c:\projects\core\src\logger.h(47): note: см. предыдущее определение "LOGGER_OUT"
c:\projects\mysql\src\mysql.h(8): fatal error C1083: Не удается открыть файл включение: ../include/mysql.h: No such file or directory
  connectionPool.cpp
c:\projects\core\src\strings.h(60): warning C4521: core::Str: заданы несколько конструкторов копии
c:\projects\core\src\strings.h(119): warning C4521: core::String: заданы несколько конструкторов копии
c:\projects\core\src\logger.h(48): warning C4005: LOGGER_OUT: изменение макроопределения
  c:\projects\core\src\logger.h(47): note: см. предыдущее определение "LOGGER_OUT"
c:\projects\mysql\src\mysql.h(8): fatal error C1083: Не удается открыть файл включение: ../include/mysql.h: No such file or directory
  cms.cpp
c:\projects\core\src\strings.h(60): warning C4521: core::Str: заданы несколько конструкторов копии
c:\projects\core\src\strings.h(119): warning C4521: core::String: заданы несколько конструкторов копии
c:\projects\core\src\logger.h(48): warning C4005: LOGGER_OUT: изменение макроопределения
  c:\projects\core\src\logger.h(47): note: см. предыдущее определение "LOGGER_OUT"
c:\projects\mysql\src\mysql.h(8): fatal error C1083: Не удается открыть файл включение: ../include/mysql.h: No such file or directory
  builderModule.cpp
c:\projects\core\src\strings.h(60): warning C4521: core::Str: заданы несколько конструкторов копии
c:\projects\core\src\strings.h(119): warning C4521: core::String: заданы несколько конструкторов копии
c:\projects\core\src\logger.h(48): warning C4005: LOGGER_OUT: изменение макроопределения
  c:\projects\core\src\logger.h(47): note: см. предыдущее определение "LOGGER_OUT"
c:\projects\mysql\src\mysql.h(8): fatal error C1083: Не удается открыть файл включение: ../include/mysql.h: No such file or directory
  Создание кода...
